<?xml version="1.0" encoding="UTF-8"?>
<!-- Generated by org.testng.reporters.JUnitXMLReporter -->
<testsuite hostname="DESKTOP-F20K911" name="tst_Scroll_chrome" tests="2" failures="1" timestamp="25 Aug 2019 06:39:24 GMT" time="38.57" errors="0">
  <testcase name="" time="0.027" classname="DevExpress.Scroll">
    <failure type="java.lang.IllegalStateException" message="The driver executable does not exist: D:\Sel_wk_july\myproj\chromedriver.exe">
      <![CDATA[java.lang.IllegalStateException: The driver executable does not exist: D:\Sel_wk_july\myproj\chromedriver.exe
	at com.google.common.base.Preconditions.checkState(Preconditions.java:618)
	at org.openqa.selenium.remote.service.DriverService.checkExecutable(DriverService.java:147)
	at org.openqa.selenium.remote.service.DriverService.findExecutable(DriverService.java:142)
	at org.openqa.selenium.chrome.ChromeDriverService.access$000(ChromeDriverService.java:35)
	at org.openqa.selenium.chrome.ChromeDriverService$Builder.findDefaultExecutable(ChromeDriverService.java:177)
	at org.openqa.selenium.remote.service.DriverService$Builder.build(DriverService.java:363)
	at org.openqa.selenium.chrome.ChromeDriverService.createDefaultService(ChromeDriverService.java:100)
	at org.openqa.selenium.chrome.ChromeDriver.<init>(ChromeDriver.java:105)
	at DevExpress.Scroll.retesting(Scroll.java:28)
... Removed 24 stack frames]]>
    </failure>
  </testcase> <!--  -->
  <testcase name="" time="38.439" classname="DevExpress.Scroll"/>
</testsuite> <!-- tst_Scroll_chrome -->
